20230618 01:06:02 INFO  [main] base.BaseTest BaseTest.java67 - Chrome browser is opened
20230618 01:06:05 INFO  [main] base.BaseTest BaseTest.java73 - https://login.salesforce.com/ is entered
20230618 01:06:05 INFO  [main] tests.SfdcAuromationScripts SfdcAuromationScripts.java825 - Test Script TC-24 is started successfully
20230618 01:06:05 INFO  [main] base.BaseTest BaseTest.java94 - pass:usernameelement is cleared
20230618 01:06:05 INFO  [main] base.BaseTest BaseTest.java85 - pass:usernameis entered to the username field
20230618 01:06:06 INFO  [main] base.BaseTest BaseTest.java94 - pass:Passwordelement is cleared
20230618 01:06:06 INFO  [main] base.BaseTest BaseTest.java85 - pass:Passwordis entered to the Password field
20230618 01:06:13 INFO  [main] tests.SfdcAuromationScripts SfdcAuromationScripts.java750 - Test Script TC-20 is started successfully
20230618 01:07:58 INFO  [main] base.BaseTest BaseTest.java67 - Chrome browser is opened
20230618 01:08:08 INFO  [main] base.BaseTest BaseTest.java73 - https://login.salesforce.com/ is entered
20230618 01:08:08 INFO  [main] tests.SfdcAuromationScripts SfdcAuromationScripts.java825 - Test Script TC-24 is started successfully
20230618 01:10:31 INFO  [main] base.BaseTest BaseTest.java67 - Chrome browser is opened
20230618 01:10:36 INFO  [main] base.BaseTest BaseTest.java73 - https://login.salesforce.com/ is entered
20230618 01:10:36 INFO  [main] tests.SfdcAuromationScripts SfdcAuromationScripts.java825 - Test Script TC-24 is started successfully
20230618 01:10:36 INFO  [main] base.BaseTest BaseTest.java94 - pass:usernameelement is cleared
20230618 01:10:36 INFO  [main] base.BaseTest BaseTest.java85 - pass:usernameis entered to the username field
20230618 01:10:37 INFO  [main] base.BaseTest BaseTest.java94 - pass:Passwordelement is cleared
20230618 01:10:37 INFO  [main] base.BaseTest BaseTest.java85 - pass:Passwordis entered to the Password field
20230618 01:10:45 INFO  [main] tests.SfdcAuromationScripts SfdcAuromationScripts.java750 - Test Script TC-20 is started successfully
20230618 01:12:42 INFO  [main] base.BaseTest BaseTest.java67 - Chrome browser is opened
20230618 01:12:47 INFO  [main] base.BaseTest BaseTest.java73 - https://login.salesforce.com/ is entered
20230618 01:12:47 INFO  [main] tests.SfdcAuromationScripts SfdcAuromationScripts.java825 - Test Script TC-24 is started successfully
20230618 01:12:48 INFO  [main] base.BaseTest BaseTest.java94 - pass:usernameelement is cleared
20230618 01:12:48 INFO  [main] base.BaseTest BaseTest.java85 - pass:usernameis entered to the username field
20230618 01:12:48 INFO  [main] base.BaseTest BaseTest.java94 - pass:Passwordelement is cleared
20230618 01:12:48 INFO  [main] base.BaseTest BaseTest.java85 - pass:Passwordis entered to the Password field
20230618 01:12:55 INFO  [main] tests.SfdcAuromationScripts SfdcAuromationScripts.java750 - Test Script TC-20 is started successfully
20230618 01:15:38 INFO  [main] base.BaseTest BaseTest.java67 - Chrome browser is opened
20230618 01:15:41 INFO  [main] base.BaseTest BaseTest.java73 - https://login.salesforce.com/ is entered
20230618 01:15:41 INFO  [main] tests.SfdcAuromationScripts SfdcAuromationScripts.java825 - Test Script TC-24 is started successfully
20230618 01:15:42 INFO  [main] base.BaseTest BaseTest.java94 - pass:usernameelement is cleared
20230618 01:15:42 INFO  [main] base.BaseTest BaseTest.java85 - pass:usernameis entered to the username field
20230618 01:15:42 INFO  [main] base.BaseTest BaseTest.java94 - pass:Passwordelement is cleared
20230618 01:15:42 INFO  [main] base.BaseTest BaseTest.java85 - pass:Passwordis entered to the Password field
20230618 01:16:01 INFO  [main] base.BaseTest BaseTest.java94 - pass:Last Name element is cleared
20230618 01:16:01 INFO  [main] base.BaseTest BaseTest.java85 - pass:Last Name is entered to the Last Name  field
20230618 01:16:01 INFO  [main] base.BaseTest BaseTest.java94 - pass:Company Name element is cleared
20230618 01:16:01 INFO  [main] base.BaseTest BaseTest.java85 - pass:Company Name is entered to the Company Name  field
20230618 01:18:15 INFO  [main] base.BaseTest BaseTest.java67 - Chrome browser is opened
20230618 01:18:19 INFO  [main] base.BaseTest BaseTest.java73 - https://login.salesforce.com/ is entered
20230618 01:18:19 INFO  [main] tests.SfdcAuromationScripts SfdcAuromationScripts.java825 - Test Script TC-24 is started successfully
20230618 01:18:19 INFO  [main] base.BaseTest BaseTest.java94 - pass:usernameelement is cleared
20230618 01:18:19 INFO  [main] base.BaseTest BaseTest.java85 - pass:usernameis entered to the username field
20230618 01:18:20 INFO  [main] base.BaseTest BaseTest.java94 - pass:Passwordelement is cleared
20230618 01:18:20 INFO  [main] base.BaseTest BaseTest.java85 - pass:Passwordis entered to the Password field
20230618 01:18:38 INFO  [main] base.BaseTest BaseTest.java94 - pass:Last Name element is cleared
20230618 01:18:38 INFO  [main] base.BaseTest BaseTest.java85 - pass:Last Name is entered to the Last Name  field
20230618 01:18:38 INFO  [main] base.BaseTest BaseTest.java94 - pass:Company Name element is cleared
20230618 01:18:38 INFO  [main] base.BaseTest BaseTest.java85 - pass:Company Name is entered to the Company Name  field
20230618 01:18:42 INFO  [main] tests.SfdcAuromationScripts SfdcAuromationScripts.java844 - Test Script TC-24 is executed successfully
20230618 01:34:31 INFO  [main] base.BaseTest BaseTest.java67 - Chrome browser is opened
20230618 01:34:33 INFO  [main] base.BaseTest BaseTest.java73 - https://login.salesforce.com/ is entered
20230618 01:34:33 INFO  [main] tests.SfdcAuromationScripts SfdcAuromationScripts.java850 - Test Script TC-24 is started successfully
20230618 01:34:34 INFO  [main] base.BaseTest BaseTest.java94 - pass:usernameelement is cleared
20230618 01:34:34 INFO  [main] base.BaseTest BaseTest.java85 - pass:usernameis entered to the username field
20230618 01:34:34 INFO  [main] base.BaseTest BaseTest.java94 - pass:Passwordelement is cleared
20230618 01:34:35 INFO  [main] base.BaseTest BaseTest.java85 - pass:Passwordis entered to the Password field
20230618 01:36:22 INFO  [main] base.BaseTest BaseTest.java67 - Chrome browser is opened
20230618 01:36:26 INFO  [main] base.BaseTest BaseTest.java73 - https://login.salesforce.com/ is entered
20230618 01:36:26 INFO  [main] tests.SfdcAuromationScripts SfdcAuromationScripts.java850 - Test Script TC-24 is started successfully
20230618 01:36:26 INFO  [main] base.BaseTest BaseTest.java94 - pass:usernameelement is cleared
20230618 01:36:26 INFO  [main] base.BaseTest BaseTest.java85 - pass:usernameis entered to the username field
20230618 01:36:26 INFO  [main] base.BaseTest BaseTest.java94 - pass:Passwordelement is cleared
20230618 01:36:26 INFO  [main] base.BaseTest BaseTest.java85 - pass:Passwordis entered to the Password field
20230618 01:36:43 INFO  [main] base.BaseTest BaseTest.java94 - pass:Last Name element is cleared
20230618 01:36:44 INFO  [main] base.BaseTest BaseTest.java85 - pass:Last Name is entered to the Last Name  field
20230618 01:36:44 INFO  [main] base.BaseTest BaseTest.java94 - pass:Last Name element is cleared
20230618 01:36:44 INFO  [main] base.BaseTest BaseTest.java85 - pass:Last Name is entered to the Last Name  field
20230618 01:36:49 INFO  [main] tests.SfdcAuromationScripts SfdcAuromationScripts.java871 - Test Script TC-24 is executed successfully
20230618 01:49:10 INFO  [main] base.BaseTest BaseTest.java67 - Chrome browser is opened
20230618 01:49:14 INFO  [main] base.BaseTest BaseTest.java73 - https://login.salesforce.com/ is entered
20230618 01:49:14 INFO  [main] tests.SfdcAuromationScripts SfdcAuromationScripts.java882 - Test Script TC-26 is started successfully
20230618 01:49:15 INFO  [main] base.BaseTest BaseTest.java94 - pass:usernameelement is cleared
20230618 01:49:15 INFO  [main] base.BaseTest BaseTest.java85 - pass:usernameis entered to the username field
20230618 01:49:15 INFO  [main] base.BaseTest BaseTest.java94 - pass:Passwordelement is cleared
20230618 01:49:15 INFO  [main] base.BaseTest BaseTest.java85 - pass:Passwordis entered to the Password field
20230618 01:49:36 INFO  [main] base.BaseTest BaseTest.java94 - pass:Contact view element is cleared
20230618 01:49:36 INFO  [main] base.BaseTest BaseTest.java85 - pass:Contact view is entered to the Contact view  field
20230618 01:49:37 INFO  [main] base.BaseTest BaseTest.java94 - pass:View unique fieldelement is cleared
20230618 01:49:37 INFO  [main] base.BaseTest BaseTest.java85 - pass:View unique fieldis entered to the View unique field field
20230618 01:49:39 INFO  [main] tests.SfdcAuromationScripts SfdcAuromationScripts.java901 - Test Script TC-26 is executed successfully
20230618 11:03:46 INFO  [main] base.BaseTest BaseTest.java67 - Chrome browser is opened
20230618 11:03:48 INFO  [main] base.BaseTest BaseTest.java73 - https://login.salesforce.com/ is entered
20230618 11:03:48 INFO  [main] tests.SfdcAuromationScripts SfdcAuromationScripts.java907 - Test Script TC-27 is started successfully
20230618 11:03:48 INFO  [main] base.BaseTest BaseTest.java94 - pass:usernameelement is cleared
20230618 11:03:49 INFO  [main] base.BaseTest BaseTest.java85 - pass:usernameis entered to the username field
20230618 11:03:49 INFO  [main] base.BaseTest BaseTest.java94 - pass:Passwordelement is cleared
20230618 11:03:49 INFO  [main] base.BaseTest BaseTest.java85 - pass:Passwordis entered to the Password field
20230618 11:04:09 INFO  [main] tests.SfdcAuromationScripts SfdcAuromationScripts.java916 - Test Script TC-27 is executed successfully
20230618 11:08:56 INFO  [main] base.BaseTest BaseTest.java67 - Chrome browser is opened
20230618 11:09:01 INFO  [main] base.BaseTest BaseTest.java73 - https://login.salesforce.com/ is entered
20230618 11:09:01 INFO  [main] tests.SfdcAuromationScripts SfdcAuromationScripts.java922 - Test Script TC-28 is started successfully
20230618 11:09:02 INFO  [main] base.BaseTest BaseTest.java94 - pass:usernameelement is cleared
20230618 11:09:02 INFO  [main] base.BaseTest BaseTest.java85 - pass:usernameis entered to the username field
20230618 11:09:02 INFO  [main] base.BaseTest BaseTest.java94 - pass:Passwordelement is cleared
20230618 11:09:02 INFO  [main] base.BaseTest BaseTest.java85 - pass:Passwordis entered to the Password field
20230618 11:09:21 INFO  [main] tests.SfdcAuromationScripts SfdcAuromationScripts.java931 - Test Script TC-28 is executed successfully
20230618 11:16:09 INFO  [main] base.BaseTest BaseTest.java67 - Chrome browser is opened
20230618 11:16:13 INFO  [main] base.BaseTest BaseTest.java73 - https://login.salesforce.com/ is entered
20230618 11:16:13 INFO  [main] tests.SfdcAuromationScripts SfdcAuromationScripts.java937 - Test Script TC-29 is started successfully
20230618 11:16:13 INFO  [main] base.BaseTest BaseTest.java94 - pass:usernameelement is cleared
20230618 11:16:13 INFO  [main] base.BaseTest BaseTest.java85 - pass:usernameis entered to the username field
20230618 11:16:13 INFO  [main] base.BaseTest BaseTest.java94 - pass:Passwordelement is cleared
20230618 11:16:13 INFO  [main] base.BaseTest BaseTest.java85 - pass:Passwordis entered to the Password field
20230618 11:16:34 INFO  [main] tests.SfdcAuromationScripts SfdcAuromationScripts.java951 - Test Script TC-29 is executed successfully
20230618 11:28:01 INFO  [main] base.BaseTest BaseTest.java67 - Chrome browser is opened
20230618 11:28:04 INFO  [main] base.BaseTest BaseTest.java73 - https://login.salesforce.com/ is entered
20230618 11:28:04 INFO  [main] tests.SfdcAuromationScripts SfdcAuromationScripts.java954 - Test Script TC-30 is started successfully
20230618 11:28:05 INFO  [main] base.BaseTest BaseTest.java94 - pass:usernameelement is cleared
20230618 11:28:05 INFO  [main] base.BaseTest BaseTest.java85 - pass:usernameis entered to the username field
20230618 11:28:06 INFO  [main] base.BaseTest BaseTest.java94 - pass:Passwordelement is cleared
20230618 11:28:06 INFO  [main] base.BaseTest BaseTest.java85 - pass:Passwordis entered to the Password field
20230618 11:28:26 INFO  [main] base.BaseTest BaseTest.java94 - pass:View Unique Name element is cleared
20230618 11:28:26 INFO  [main] base.BaseTest BaseTest.java85 - pass:View Unique Name is entered to the View Unique Name  field
20230618 11:30:39 INFO  [main] base.BaseTest BaseTest.java67 - Chrome browser is opened
20230618 11:30:43 INFO  [main] base.BaseTest BaseTest.java73 - https://login.salesforce.com/ is entered
20230618 11:30:43 INFO  [main] tests.SfdcAuromationScripts SfdcAuromationScripts.java954 - Test Script TC-30 is started successfully
20230618 11:30:43 INFO  [main] base.BaseTest BaseTest.java94 - pass:usernameelement is cleared
20230618 11:30:44 INFO  [main] base.BaseTest BaseTest.java85 - pass:usernameis entered to the username field
20230618 11:30:44 INFO  [main] base.BaseTest BaseTest.java94 - pass:Passwordelement is cleared
20230618 11:30:44 INFO  [main] base.BaseTest BaseTest.java85 - pass:Passwordis entered to the Password field
20230618 11:31:12 INFO  [main] base.BaseTest BaseTest.java94 - pass:View Unique Name element is cleared
20230618 11:31:12 INFO  [main] base.BaseTest BaseTest.java85 - pass:View Unique Name is entered to the View Unique Name  field
20230618 11:31:14 INFO  [main] tests.SfdcAuromationScripts SfdcAuromationScripts.java976 - Test Script TC-30 is executed successfully
20230618 12:09:46 INFO  [main] base.BaseTest BaseTest.java67 - Chrome browser is opened
20230618 12:19:09 INFO  [main] base.BaseTest BaseTest.java67 - Chrome browser is opened
20230618 12:19:13 INFO  [main] base.BaseTest BaseTest.java73 - https://login.salesforce.com/ is entered
20230618 12:19:13 INFO  [main] tests.SfdcAuromationScripts SfdcAuromationScripts.java980 - Test Script TC-31 is started successfully
20230618 12:19:13 INFO  [main] base.BaseTest BaseTest.java94 - pass:usernameelement is cleared
20230618 12:19:13 INFO  [main] base.BaseTest BaseTest.java85 - pass:usernameis entered to the username field
20230618 12:19:13 INFO  [main] base.BaseTest BaseTest.java94 - pass:Passwordelement is cleared
20230618 12:19:14 INFO  [main] base.BaseTest BaseTest.java85 - pass:Passwordis entered to the Password field
20230618 12:19:36 INFO  [main] base.BaseTest BaseTest.java94 - pass:View Name element is cleared
20230618 12:19:36 INFO  [main] base.BaseTest BaseTest.java85 - pass:View Name is entered to the View Name  field
20230618 12:19:36 INFO  [main] base.BaseTest BaseTest.java94 - pass:View Unique Name element is cleared
20230618 12:19:36 INFO  [main] base.BaseTest BaseTest.java85 - pass:View Unique Name is entered to the View Unique Name  field
20230618 12:19:37 INFO  [main] tests.SfdcAuromationScripts SfdcAuromationScripts.java1002 - Test Script TC-31 is executed successfully
20230618 12:30:20 INFO  [main] base.BaseTest BaseTest.java67 - Chrome browser is opened
20230618 12:30:23 INFO  [main] base.BaseTest BaseTest.java73 - https://login.salesforce.com/ is entered
20230618 12:30:23 INFO  [main] tests.SfdcAuromationScripts SfdcAuromationScripts.java1007 - Test Script TC-32 is started successfully
20230618 12:30:23 INFO  [main] base.BaseTest BaseTest.java94 - pass:usernameelement is cleared
20230618 12:30:24 INFO  [main] base.BaseTest BaseTest.java85 - pass:usernameis entered to the username field
20230618 12:30:24 INFO  [main] base.BaseTest BaseTest.java94 - pass:Passwordelement is cleared
20230618 12:30:24 INFO  [main] base.BaseTest BaseTest.java85 - pass:Passwordis entered to the Password field
20230618 12:30:45 INFO  [main] base.BaseTest BaseTest.java94 - pass:Last Name element is cleared
20230618 12:30:45 INFO  [main] base.BaseTest BaseTest.java85 - pass:Last Name is entered to the Last Name  field
20230618 12:30:45 INFO  [main] base.BaseTest BaseTest.java94 - pass:Account Name element is cleared
20230618 12:30:45 INFO  [main] base.BaseTest BaseTest.java85 - pass:Account Name is entered to the Account Name  field
20230618 12:30:47 INFO  [main] tests.SfdcAuromationScripts SfdcAuromationScripts.java1028 - Test Script TC-32 is executed successfully
20230618 12:33:00 INFO  [main] base.BaseTest BaseTest.java67 - Chrome browser is opened
20230618 12:33:03 INFO  [main] base.BaseTest BaseTest.java73 - https://login.salesforce.com/ is entered
20230618 12:33:03 INFO  [main] tests.SfdcAuromationScripts SfdcAuromationScripts.java1007 - Test Script TC-32 is started successfully
20230618 12:33:03 INFO  [main] base.BaseTest BaseTest.java94 - pass:usernameelement is cleared
20230618 12:33:04 INFO  [main] base.BaseTest BaseTest.java85 - pass:usernameis entered to the username field
20230618 12:33:04 INFO  [main] base.BaseTest BaseTest.java94 - pass:Passwordelement is cleared
20230618 12:33:04 INFO  [main] base.BaseTest BaseTest.java85 - pass:Passwordis entered to the Password field
20230618 12:33:26 INFO  [main] base.BaseTest BaseTest.java94 - pass:Last Name element is cleared
20230618 12:33:26 INFO  [main] base.BaseTest BaseTest.java85 - pass:Last Name is entered to the Last Name  field
20230618 12:33:26 INFO  [main] base.BaseTest BaseTest.java94 - pass:Account Name element is cleared
20230618 12:33:26 INFO  [main] base.BaseTest BaseTest.java85 - pass:Account Name is entered to the Account Name  field
20230618 12:33:27 INFO  [main] tests.SfdcAuromationScripts SfdcAuromationScripts.java1028 - Test Script TC-32 is executed successfully
20230618 12:45:01 INFO  [main] base.BaseTest BaseTest.java67 - Chrome browser is opened
20230618 12:45:06 INFO  [main] base.BaseTest BaseTest.java73 - https://login.salesforce.com/ is entered
20230618 12:45:06 INFO  [main] tests.SfdcAuromationScripts SfdcAuromationScripts.java1034 - Test Script TC-33 is started successfully
20230618 12:45:07 INFO  [main] base.BaseTest BaseTest.java94 - pass:usernameelement is cleared
20230618 12:45:07 INFO  [main] base.BaseTest BaseTest.java85 - pass:usernameis entered to the username field
20230618 12:45:07 INFO  [main] base.BaseTest BaseTest.java94 - pass:Passwordelement is cleared
20230618 12:45:07 INFO  [main] base.BaseTest BaseTest.java85 - pass:Passwordis entered to the Password field
20230618 12:45:21 INFO  [main] tests.SfdcAuromationScripts SfdcAuromationScripts.java1038 - Test Script TC-33 is executed successfully
20230618 12:52:11 INFO  [main] base.BaseTest BaseTest.java67 - Chrome browser is opened
20230618 12:52:15 INFO  [main] base.BaseTest BaseTest.java73 - https://login.salesforce.com/ is entered
20230618 12:52:15 INFO  [main] tests.SfdcAuromationScripts SfdcAuromationScripts.java1007 - Test Script TC-32 is started successfully
20230618 12:52:15 INFO  [main] base.BaseTest BaseTest.java94 - pass:usernameelement is cleared
20230618 12:52:15 INFO  [main] base.BaseTest BaseTest.java85 - pass:usernameis entered to the username field
20230618 12:52:15 INFO  [main] base.BaseTest BaseTest.java94 - pass:Passwordelement is cleared
20230618 12:52:15 INFO  [main] base.BaseTest BaseTest.java85 - pass:Passwordis entered to the Password field
20230618 12:52:34 INFO  [main] base.BaseTest BaseTest.java94 - pass:Last Name element is cleared
20230618 12:52:34 INFO  [main] base.BaseTest BaseTest.java85 - pass:Last Name is entered to the Last Name  field
20230618 12:52:34 INFO  [main] base.BaseTest BaseTest.java94 - pass:Account Name element is cleared
20230618 12:52:34 INFO  [main] base.BaseTest BaseTest.java85 - pass:Account Name is entered to the Account Name  field
20230618 12:52:35 INFO  [main] tests.SfdcAuromationScripts SfdcAuromationScripts.java1027 - Test Script TC-32 is executed successfully
20230618 13:56:59 INFO  [main] base.BaseTest BaseTest.java67 - Chrome browser is opened
20230618 13:57:02 INFO  [main] base.BaseTest BaseTest.java73 - https://login.salesforce.com/ is entered
20230618 13:57:02 INFO  [main] tests.SfdcAuromationScripts SfdcAuromationScripts.java1034 - Test Script TC-33 is started successfully
20230618 13:57:03 INFO  [main] base.BaseTest BaseTest.java94 - pass:usernameelement is cleared
20230618 13:57:03 INFO  [main] base.BaseTest BaseTest.java85 - pass:usernameis entered to the username field
20230618 13:57:03 INFO  [main] base.BaseTest BaseTest.java94 - pass:Passwordelement is cleared
20230618 13:57:03 INFO  [main] base.BaseTest BaseTest.java85 - pass:Passwordis entered to the Password field
20230618 13:58:47 INFO  [main] base.BaseTest BaseTest.java67 - Chrome browser is opened
20230618 13:58:51 INFO  [main] base.BaseTest BaseTest.java73 - https://login.salesforce.com/ is entered
20230618 13:58:51 INFO  [main] tests.SfdcAuromationScripts SfdcAuromationScripts.java1034 - Test Script TC-33 is started successfully
20230618 13:58:51 INFO  [main] base.BaseTest BaseTest.java94 - pass:usernameelement is cleared
20230618 13:58:52 INFO  [main] base.BaseTest BaseTest.java85 - pass:usernameis entered to the username field
20230618 13:58:52 INFO  [main] base.BaseTest BaseTest.java94 - pass:Passwordelement is cleared
20230618 13:58:52 INFO  [main] base.BaseTest BaseTest.java85 - pass:Passwordis entered to the Password field
20230618 13:59:55 INFO  [main] base.BaseTest BaseTest.java67 - Chrome browser is opened
20230618 14:00:00 INFO  [main] base.BaseTest BaseTest.java73 - https://login.salesforce.com/ is entered
20230618 14:00:00 INFO  [main] tests.SfdcAuromationScripts SfdcAuromationScripts.java1034 - Test Script TC-33 is started successfully
20230618 14:00:00 INFO  [main] base.BaseTest BaseTest.java94 - pass:usernameelement is cleared
20230618 14:00:00 INFO  [main] base.BaseTest BaseTest.java85 - pass:usernameis entered to the username field
20230618 14:00:00 INFO  [main] base.BaseTest BaseTest.java94 - pass:Passwordelement is cleared
20230618 14:00:01 INFO  [main] base.BaseTest BaseTest.java85 - pass:Passwordis entered to the Password field
20230618 14:01:31 INFO  [main] base.BaseTest BaseTest.java67 - Chrome browser is opened
20230618 14:01:36 INFO  [main] base.BaseTest BaseTest.java73 - https://login.salesforce.com/ is entered
20230618 14:01:36 INFO  [main] tests.SfdcAuromationScripts SfdcAuromationScripts.java1034 - Test Script TC-33 is started successfully
20230618 14:01:36 INFO  [main] base.BaseTest BaseTest.java94 - pass:usernameelement is cleared
20230618 14:01:36 INFO  [main] base.BaseTest BaseTest.java85 - pass:usernameis entered to the username field
20230618 14:01:36 INFO  [main] base.BaseTest BaseTest.java94 - pass:Passwordelement is cleared
20230618 14:01:36 INFO  [main] base.BaseTest BaseTest.java85 - pass:Passwordis entered to the Password field
20230618 14:04:05 INFO  [main] base.BaseTest BaseTest.java67 - Chrome browser is opened
20230618 14:04:08 INFO  [main] base.BaseTest BaseTest.java73 - https://login.salesforce.com/ is entered
20230618 14:04:08 INFO  [main] tests.SfdcAuromationScripts SfdcAuromationScripts.java1034 - Test Script TC-33 is started successfully
20230618 14:04:08 INFO  [main] base.BaseTest BaseTest.java94 - pass:usernameelement is cleared
20230618 14:04:08 INFO  [main] base.BaseTest BaseTest.java85 - pass:usernameis entered to the username field
20230618 14:04:09 INFO  [main] base.BaseTest BaseTest.java94 - pass:Passwordelement is cleared
20230618 14:04:09 INFO  [main] base.BaseTest BaseTest.java85 - pass:Passwordis entered to the Password field
20230618 14:05:13 INFO  [main] base.BaseTest BaseTest.java67 - Chrome browser is opened
20230618 14:05:17 INFO  [main] base.BaseTest BaseTest.java73 - https://login.salesforce.com/ is entered
20230618 14:05:17 INFO  [main] tests.SfdcAuromationScripts SfdcAuromationScripts.java1034 - Test Script TC-33 is started successfully
20230618 14:05:17 INFO  [main] base.BaseTest BaseTest.java94 - pass:usernameelement is cleared
20230618 14:05:17 INFO  [main] base.BaseTest BaseTest.java85 - pass:usernameis entered to the username field
20230618 14:05:17 INFO  [main] base.BaseTest BaseTest.java94 - pass:Passwordelement is cleared
20230618 14:05:17 INFO  [main] base.BaseTest BaseTest.java85 - pass:Passwordis entered to the Password field
20230618 14:06:32 INFO  [main] base.BaseTest BaseTest.java67 - Chrome browser is opened
20230618 14:06:35 INFO  [main] base.BaseTest BaseTest.java73 - https://login.salesforce.com/ is entered
20230618 14:06:35 INFO  [main] tests.SfdcAuromationScripts SfdcAuromationScripts.java1034 - Test Script TC-33 is started successfully
20230618 14:06:36 INFO  [main] base.BaseTest BaseTest.java94 - pass:usernameelement is cleared
20230618 14:06:36 INFO  [main] base.BaseTest BaseTest.java85 - pass:usernameis entered to the username field
20230618 14:06:37 INFO  [main] base.BaseTest BaseTest.java94 - pass:Passwordelement is cleared
20230618 14:06:37 INFO  [main] base.BaseTest BaseTest.java85 - pass:Passwordis entered to the Password field
20230618 14:09:42 INFO  [main] base.BaseTest BaseTest.java67 - Chrome browser is opened
20230618 14:09:45 INFO  [main] base.BaseTest BaseTest.java73 - https://login.salesforce.com/ is entered
20230618 14:09:45 INFO  [main] tests.SfdcAuromationScripts SfdcAuromationScripts.java1034 - Test Script TC-33 is started successfully
20230618 14:09:46 INFO  [main] base.BaseTest BaseTest.java94 - pass:usernameelement is cleared
20230618 14:09:46 INFO  [main] base.BaseTest BaseTest.java85 - pass:usernameis entered to the username field
20230618 14:09:46 INFO  [main] base.BaseTest BaseTest.java94 - pass:Passwordelement is cleared
20230618 14:09:46 INFO  [main] base.BaseTest BaseTest.java85 - pass:Passwordis entered to the Password field
20230618 14:11:23 INFO  [main] base.BaseTest BaseTest.java67 - Chrome browser is opened
20230618 14:11:26 INFO  [main] base.BaseTest BaseTest.java73 - https://login.salesforce.com/ is entered
20230618 14:11:26 INFO  [main] tests.SfdcAuromationScripts SfdcAuromationScripts.java1034 - Test Script TC-33 is started successfully
20230618 14:11:27 INFO  [main] base.BaseTest BaseTest.java94 - pass:usernameelement is cleared
20230618 14:11:27 INFO  [main] base.BaseTest BaseTest.java85 - pass:usernameis entered to the username field
20230618 14:11:27 INFO  [main] base.BaseTest BaseTest.java94 - pass:Passwordelement is cleared
20230618 14:11:28 INFO  [main] base.BaseTest BaseTest.java85 - pass:Passwordis entered to the Password field
20230618 14:12:39 INFO  [main] base.BaseTest BaseTest.java67 - Chrome browser is opened
20230618 14:12:41 INFO  [main] base.BaseTest BaseTest.java73 - https://login.salesforce.com/ is entered
20230618 14:12:41 INFO  [main] tests.SfdcAuromationScripts SfdcAuromationScripts.java1034 - Test Script TC-33 is started successfully
20230618 14:12:42 INFO  [main] base.BaseTest BaseTest.java94 - pass:usernameelement is cleared
20230618 14:12:42 INFO  [main] base.BaseTest BaseTest.java85 - pass:usernameis entered to the username field
20230618 14:12:43 INFO  [main] base.BaseTest BaseTest.java94 - pass:Passwordelement is cleared
20230618 14:12:43 INFO  [main] base.BaseTest BaseTest.java85 - pass:Passwordis entered to the Password field
20230618 14:13:06 INFO  [main] tests.SfdcAuromationScripts SfdcAuromationScripts.java1055 - Test Script TC-33 is executed successfully
20230618 14:14:54 INFO  [main] base.BaseTest BaseTest.java67 - Chrome browser is opened
20230618 14:14:57 INFO  [main] base.BaseTest BaseTest.java73 - https://login.salesforce.com/ is entered
20230618 14:14:57 INFO  [main] tests.SfdcAuromationScripts SfdcAuromationScripts.java1034 - Test Script TC-33 is started successfully
20230618 14:14:58 INFO  [main] base.BaseTest BaseTest.java94 - pass:usernameelement is cleared
20230618 14:14:58 INFO  [main] base.BaseTest BaseTest.java85 - pass:usernameis entered to the username field
20230618 14:14:58 INFO  [main] base.BaseTest BaseTest.java94 - pass:Passwordelement is cleared
20230618 14:14:58 INFO  [main] base.BaseTest BaseTest.java85 - pass:Passwordis entered to the Password field
20230618 14:15:50 INFO  [main] base.BaseTest BaseTest.java67 - Chrome browser is opened
20230618 14:15:53 INFO  [main] base.BaseTest BaseTest.java73 - https://login.salesforce.com/ is entered
20230618 14:15:53 INFO  [main] tests.SfdcAuromationScripts SfdcAuromationScripts.java1034 - Test Script TC-33 is started successfully
20230618 14:15:53 INFO  [main] base.BaseTest BaseTest.java94 - pass:usernameelement is cleared
20230618 14:15:53 INFO  [main] base.BaseTest BaseTest.java85 - pass:usernameis entered to the username field
20230618 14:15:53 INFO  [main] base.BaseTest BaseTest.java94 - pass:Passwordelement is cleared
20230618 14:15:53 INFO  [main] base.BaseTest BaseTest.java85 - pass:Passwordis entered to the Password field
20230618 14:16:51 INFO  [main] base.BaseTest BaseTest.java67 - Chrome browser is opened
20230618 14:16:54 INFO  [main] base.BaseTest BaseTest.java73 - https://login.salesforce.com/ is entered
20230618 14:16:54 INFO  [main] tests.SfdcAuromationScripts SfdcAuromationScripts.java1034 - Test Script TC-33 is started successfully
20230618 14:16:55 INFO  [main] base.BaseTest BaseTest.java94 - pass:usernameelement is cleared
20230618 14:16:56 INFO  [main] base.BaseTest BaseTest.java85 - pass:usernameis entered to the username field
20230618 14:16:56 INFO  [main] base.BaseTest BaseTest.java94 - pass:Passwordelement is cleared
20230618 14:16:56 INFO  [main] base.BaseTest BaseTest.java85 - pass:Passwordis entered to the Password field
20230618 14:17:22 INFO  [main] tests.SfdcAuromationScripts SfdcAuromationScripts.java1053 - Test Script TC-33 is executed successfully
20230618 14:40:36 INFO  [main] base.BaseTest BaseTest.java67 - Chrome browser is opened
20230618 14:40:39 INFO  [main] base.BaseTest BaseTest.java73 - https://login.salesforce.com/ is entered
20230618 14:40:39 INFO  [main] tests.SfdcAuromationScripts SfdcAuromationScripts.java1059 - Test Script TC-34 is started successfully
20230618 14:40:40 INFO  [main] base.BaseTest BaseTest.java94 - pass:usernameelement is cleared
20230618 14:40:40 INFO  [main] base.BaseTest BaseTest.java85 - pass:usernameis entered to the username field
20230618 14:40:40 INFO  [main] base.BaseTest BaseTest.java94 - pass:Passwordelement is cleared
20230618 14:40:40 INFO  [main] base.BaseTest BaseTest.java85 - pass:Passwordis entered to the Password field
20230618 14:41:30 INFO  [main] base.BaseTest BaseTest.java67 - Chrome browser is opened
20230618 14:41:34 INFO  [main] base.BaseTest BaseTest.java73 - https://login.salesforce.com/ is entered
20230618 14:41:34 INFO  [main] tests.SfdcAuromationScripts SfdcAuromationScripts.java1059 - Test Script TC-34 is started successfully
20230618 14:41:34 INFO  [main] base.BaseTest BaseTest.java94 - pass:usernameelement is cleared
20230618 14:41:34 INFO  [main] base.BaseTest BaseTest.java85 - pass:usernameis entered to the username field
20230618 14:41:34 INFO  [main] base.BaseTest BaseTest.java94 - pass:Passwordelement is cleared
20230618 14:41:34 INFO  [main] base.BaseTest BaseTest.java85 - pass:Passwordis entered to the Password field
20230618 14:42:51 INFO  [main] base.BaseTest BaseTest.java67 - Chrome browser is opened
20230618 14:42:54 INFO  [main] base.BaseTest BaseTest.java73 - https://login.salesforce.com/ is entered
20230618 14:42:54 INFO  [main] tests.SfdcAuromationScripts SfdcAuromationScripts.java1059 - Test Script TC-34 is started successfully
20230618 14:42:55 INFO  [main] base.BaseTest BaseTest.java94 - pass:usernameelement is cleared
20230618 14:42:55 INFO  [main] base.BaseTest BaseTest.java85 - pass:usernameis entered to the username field
20230618 14:42:56 INFO  [main] base.BaseTest BaseTest.java94 - pass:Passwordelement is cleared
20230618 14:42:56 INFO  [main] base.BaseTest BaseTest.java85 - pass:Passwordis entered to the Password field
20230618 14:43:45 INFO  [main] base.BaseTest BaseTest.java67 - Chrome browser is opened
20230618 14:43:50 INFO  [main] base.BaseTest BaseTest.java73 - https://login.salesforce.com/ is entered
20230618 14:43:50 INFO  [main] tests.SfdcAuromationScripts SfdcAuromationScripts.java1059 - Test Script TC-34 is started successfully
20230618 14:43:50 INFO  [main] base.BaseTest BaseTest.java94 - pass:usernameelement is cleared
20230618 14:43:50 INFO  [main] base.BaseTest BaseTest.java85 - pass:usernameis entered to the username field
20230618 14:43:50 INFO  [main] base.BaseTest BaseTest.java94 - pass:Passwordelement is cleared
20230618 14:43:50 INFO  [main] base.BaseTest BaseTest.java85 - pass:Passwordis entered to the Password field
20230618 14:53:30 INFO  [main] base.BaseTest BaseTest.java67 - Chrome browser is opened
20230618 14:53:35 INFO  [main] base.BaseTest BaseTest.java73 - https://login.salesforce.com/ is entered
20230618 14:53:35 INFO  [main] tests.SfdcAuromationScripts SfdcAuromationScripts.java1059 - Test Script TC-34 is started successfully
20230618 14:53:35 INFO  [main] base.BaseTest BaseTest.java94 - pass:usernameelement is cleared
20230618 14:53:36 INFO  [main] base.BaseTest BaseTest.java85 - pass:usernameis entered to the username field
20230618 14:53:36 INFO  [main] base.BaseTest BaseTest.java94 - pass:Passwordelement is cleared
20230618 14:53:36 INFO  [main] base.BaseTest BaseTest.java85 - pass:Passwordis entered to the Password field
20230618 14:54:08 INFO  [main] base.BaseTest BaseTest.java94 - pass:Last Name element is cleared
20230618 14:54:08 INFO  [main] base.BaseTest BaseTest.java85 - pass:Last Name is entered to the Last Name  field
20230618 14:56:02 INFO  [main] base.BaseTest BaseTest.java67 - Chrome browser is opened
20230618 14:56:05 INFO  [main] base.BaseTest BaseTest.java73 - https://login.salesforce.com/ is entered
20230618 14:56:05 INFO  [main] tests.SfdcAuromationScripts SfdcAuromationScripts.java1059 - Test Script TC-34 is started successfully
20230618 14:56:06 INFO  [main] base.BaseTest BaseTest.java94 - pass:usernameelement is cleared
20230618 14:56:07 INFO  [main] base.BaseTest BaseTest.java85 - pass:usernameis entered to the username field
20230618 14:56:07 INFO  [main] base.BaseTest BaseTest.java94 - pass:Passwordelement is cleared
20230618 14:56:07 INFO  [main] base.BaseTest BaseTest.java85 - pass:Passwordis entered to the Password field
20230618 14:56:35 INFO  [main] base.BaseTest BaseTest.java94 - pass:Last Name element is cleared
20230618 14:56:35 INFO  [main] base.BaseTest BaseTest.java85 - pass:Last Name is entered to the Last Name  field
20230618 14:56:38 INFO  [main] tests.SfdcAuromationScripts SfdcAuromationScripts.java1084 - Test Script TC-34 is executed successfully
20230618 18:50:45 INFO  [main] base.BaseTest BaseTest.java67 - Chrome browser is opened
20230618 18:50:49 INFO  [main] base.BaseTest BaseTest.java73 - https://login.salesforce.com/ is entered
20230618 18:50:49 INFO  [main] tests.SfdcAuromationScripts SfdcAuromationScripts.java1059 - Test Script TC-34 is started successfully
20230618 18:50:50 INFO  [main] base.BaseTest BaseTest.java94 - pass:usernameelement is cleared
20230618 18:50:50 INFO  [main] base.BaseTest BaseTest.java85 - pass:usernameis entered to the username field
20230618 18:50:50 INFO  [main] base.BaseTest BaseTest.java94 - pass:Passwordelement is cleared
20230618 18:50:51 INFO  [main] base.BaseTest BaseTest.java85 - pass:Passwordis entered to the Password field
20230618 18:51:20 INFO  [main] base.BaseTest BaseTest.java94 - pass:Last Name element is cleared
20230618 18:51:20 INFO  [main] base.BaseTest BaseTest.java85 - pass:Last Name is entered to the Last Name  field
20230618 18:52:21 INFO  [main] base.BaseTest BaseTest.java67 - Chrome browser is opened
20230618 18:52:25 INFO  [main] base.BaseTest BaseTest.java73 - https://login.salesforce.com/ is entered
20230618 18:52:25 INFO  [main] tests.SfdcAuromationScripts SfdcAuromationScripts.java1059 - Test Script TC-34 is started successfully
20230618 18:52:25 INFO  [main] base.BaseTest BaseTest.java94 - pass:usernameelement is cleared
20230618 18:52:26 INFO  [main] base.BaseTest BaseTest.java85 - pass:usernameis entered to the username field
20230618 18:52:26 INFO  [main] base.BaseTest BaseTest.java94 - pass:Passwordelement is cleared
20230618 18:52:27 INFO  [main] base.BaseTest BaseTest.java85 - pass:Passwordis entered to the Password field
20230618 18:52:56 INFO  [main] base.BaseTest BaseTest.java94 - pass:Last Name element is cleared
20230618 18:52:56 INFO  [main] base.BaseTest BaseTest.java85 - pass:Last Name is entered to the Last Name  field
20230618 18:56:28 INFO  [main] base.BaseTest BaseTest.java67 - Chrome browser is opened
20230618 18:56:31 INFO  [main] base.BaseTest BaseTest.java73 - https://login.salesforce.com/ is entered
20230618 18:56:31 INFO  [main] tests.SfdcAuromationScripts SfdcAuromationScripts.java1059 - Test Script TC-34 is started successfully
20230618 18:56:31 INFO  [main] base.BaseTest BaseTest.java94 - pass:usernameelement is cleared
20230618 18:56:31 INFO  [main] base.BaseTest BaseTest.java85 - pass:usernameis entered to the username field
20230618 18:56:32 INFO  [main] base.BaseTest BaseTest.java94 - pass:Passwordelement is cleared
20230618 18:56:32 INFO  [main] base.BaseTest BaseTest.java85 - pass:Passwordis entered to the Password field
20230618 18:57:06 INFO  [main] base.BaseTest BaseTest.java94 - pass:Last Name element is cleared
20230618 18:57:06 INFO  [main] base.BaseTest BaseTest.java85 - pass:Last Name is entered to the Last Name  field
20230618 18:57:10 INFO  [main] tests.SfdcAuromationScripts SfdcAuromationScripts.java1087 - Test Script TC-34 is executed successfully
20230618 18:59:32 INFO  [main] base.BaseTest BaseTest.java67 - Chrome browser is opened
20230618 18:59:35 INFO  [main] base.BaseTest BaseTest.java73 - https://login.salesforce.com/ is entered
20230618 18:59:35 INFO  [main] tests.SfdcAuromationScripts SfdcAuromationScripts.java1059 - Test Script TC-34 is started successfully
20230618 18:59:35 INFO  [main] base.BaseTest BaseTest.java94 - pass:usernameelement is cleared
20230618 18:59:35 INFO  [main] base.BaseTest BaseTest.java85 - pass:usernameis entered to the username field
20230618 18:59:36 INFO  [main] base.BaseTest BaseTest.java94 - pass:Passwordelement is cleared
20230618 18:59:36 INFO  [main] base.BaseTest BaseTest.java85 - pass:Passwordis entered to the Password field
20230618 19:00:04 INFO  [main] base.BaseTest BaseTest.java94 - pass:Last Name element is cleared
20230618 19:00:04 INFO  [main] base.BaseTest BaseTest.java85 - pass:Last Name is entered to the Last Name  field
20230618 19:00:07 INFO  [main] tests.SfdcAuromationScripts SfdcAuromationScripts.java1088 - Test Script TC-34 is executed successfully
20230618 20:55:13 INFO  [main] base.BaseTest BaseTest.java67 - Chrome browser is opened
20230618 20:55:15 INFO  [main] base.BaseTest BaseTest.java73 - https://login.salesforce.com/ is entered
20230618 20:55:15 INFO  [main] tests.SfdcAuromationScripts SfdcAuromationScripts.java1096 - Test Script TC-35 is started successfully
20230618 20:55:18 INFO  [main] base.BaseTest BaseTest.java94 - pass:usernameelement is cleared
20230618 20:55:19 INFO  [main] base.BaseTest BaseTest.java85 - pass:usernameis entered to the username field
20230618 20:55:19 INFO  [main] base.BaseTest BaseTest.java94 - pass:Passwordelement is cleared
20230618 20:55:19 INFO  [main] base.BaseTest BaseTest.java85 - pass:Passwordis entered to the Password field
20230618 20:57:44 INFO  [main] base.BaseTest BaseTest.java67 - Chrome browser is opened
20230618 20:57:47 INFO  [main] base.BaseTest BaseTest.java73 - https://login.salesforce.com/ is entered
20230618 20:57:47 INFO  [main] tests.SfdcAuromationScripts SfdcAuromationScripts.java1096 - Test Script TC-35 is started successfully
20230618 20:57:48 INFO  [main] base.BaseTest BaseTest.java94 - pass:usernameelement is cleared
20230618 20:57:48 INFO  [main] base.BaseTest BaseTest.java85 - pass:usernameis entered to the username field
20230618 20:57:48 INFO  [main] base.BaseTest BaseTest.java94 - pass:Passwordelement is cleared
20230618 20:57:49 INFO  [main] base.BaseTest BaseTest.java85 - pass:Passwordis entered to the Password field
20230618 20:58:20 INFO  [main] base.BaseTest BaseTest.java94 - pass:usernameelement is cleared
20230618 20:58:20 INFO  [main] base.BaseTest BaseTest.java85 - pass:usernameis entered to the username field
20230618 20:58:20 INFO  [main] base.BaseTest BaseTest.java94 - pass:Passwordelement is cleared
20230618 20:58:20 INFO  [main] base.BaseTest BaseTest.java85 - pass:Passwordis entered to the Password field
20230618 20:58:24 INFO  [main] tests.SfdcAuromationScripts SfdcAuromationScripts.java1134 - Test Script TC-35 is executed successfully
20230618 21:06:08 INFO  [main] base.BaseTest BaseTest.java67 - Chrome browser is opened
20230618 21:06:11 INFO  [main] base.BaseTest BaseTest.java73 - https://login.salesforce.com/ is entered
20230618 21:06:11 INFO  [main] tests.SfdcAuromationScripts SfdcAuromationScripts.java1096 - Test Script TC-35 is started successfully
20230618 21:06:11 INFO  [main] base.BaseTest BaseTest.java94 - pass:usernameelement is cleared
20230618 21:06:12 INFO  [main] base.BaseTest BaseTest.java85 - pass:usernameis entered to the username field
20230618 21:06:12 INFO  [main] base.BaseTest BaseTest.java94 - pass:Passwordelement is cleared
20230618 21:06:12 INFO  [main] base.BaseTest BaseTest.java85 - pass:Passwordis entered to the Password field
20230618 21:07:19 INFO  [main] base.BaseTest BaseTest.java67 - Chrome browser is opened
20230618 21:07:23 INFO  [main] base.BaseTest BaseTest.java73 - https://login.salesforce.com/ is entered
20230618 21:07:23 INFO  [main] tests.SfdcAuromationScripts SfdcAuromationScripts.java1096 - Test Script TC-35 is started successfully
20230618 21:07:24 INFO  [main] base.BaseTest BaseTest.java94 - pass:usernameelement is cleared
20230618 21:07:24 INFO  [main] base.BaseTest BaseTest.java85 - pass:usernameis entered to the username field
20230618 21:07:24 INFO  [main] base.BaseTest BaseTest.java94 - pass:Passwordelement is cleared
20230618 21:07:24 INFO  [main] base.BaseTest BaseTest.java85 - pass:Passwordis entered to the Password field
20230618 21:07:55 INFO  [main] base.BaseTest BaseTest.java94 - pass:usernameelement is cleared
20230618 21:07:56 INFO  [main] base.BaseTest BaseTest.java85 - pass:usernameis entered to the username field
20230618 21:07:56 INFO  [main] base.BaseTest BaseTest.java94 - pass:Passwordelement is cleared
20230618 21:07:56 INFO  [main] base.BaseTest BaseTest.java85 - pass:Passwordis entered to the Password field
20230618 21:10:56 INFO  [main] base.BaseTest BaseTest.java67 - Chrome browser is opened
20230618 21:10:59 INFO  [main] base.BaseTest BaseTest.java73 - https://login.salesforce.com/ is entered
20230618 21:10:59 INFO  [main] tests.SfdcAuromationScripts SfdcAuromationScripts.java1096 - Test Script TC-35 is started successfully
20230618 21:11:00 INFO  [main] base.BaseTest BaseTest.java94 - pass:usernameelement is cleared
20230618 21:11:00 INFO  [main] base.BaseTest BaseTest.java85 - pass:usernameis entered to the username field
20230618 21:11:00 INFO  [main] base.BaseTest BaseTest.java94 - pass:Passwordelement is cleared
20230618 21:11:01 INFO  [main] base.BaseTest BaseTest.java85 - pass:Passwordis entered to the Password field
20230618 21:11:33 INFO  [main] base.BaseTest BaseTest.java94 - pass:usernameelement is cleared
20230618 21:11:33 INFO  [main] base.BaseTest BaseTest.java85 - pass:usernameis entered to the username field
20230618 21:11:33 INFO  [main] base.BaseTest BaseTest.java94 - pass:Passwordelement is cleared
20230618 21:11:33 INFO  [main] base.BaseTest BaseTest.java85 - pass:Passwordis entered to the Password field
20230618 21:13:46 INFO  [main] base.BaseTest BaseTest.java67 - Chrome browser is opened
20230618 21:13:49 INFO  [main] base.BaseTest BaseTest.java73 - https://login.salesforce.com/ is entered
20230618 21:13:49 INFO  [main] tests.SfdcAuromationScripts SfdcAuromationScripts.java1096 - Test Script TC-35 is started successfully
20230618 21:13:50 INFO  [main] base.BaseTest BaseTest.java94 - pass:usernameelement is cleared
20230618 21:13:50 INFO  [main] base.BaseTest BaseTest.java85 - pass:usernameis entered to the username field
20230618 21:13:50 INFO  [main] base.BaseTest BaseTest.java94 - pass:Passwordelement is cleared
20230618 21:13:50 INFO  [main] base.BaseTest BaseTest.java85 - pass:Passwordis entered to the Password field
20230618 21:14:24 INFO  [main] base.BaseTest BaseTest.java94 - pass:usernameelement is cleared
20230618 21:14:24 INFO  [main] base.BaseTest BaseTest.java85 - pass:usernameis entered to the username field
20230618 21:14:24 INFO  [main] base.BaseTest BaseTest.java94 - pass:Passwordelement is cleared
20230618 21:14:24 INFO  [main] base.BaseTest BaseTest.java85 - pass:Passwordis entered to the Password field
20230619 17:49:09 INFO  [main] base.BaseTest BaseTest.java67 - Chrome browser is opened
20230619 17:49:15 INFO  [main] base.BaseTest BaseTest.java73 - https://login.salesforce.com/ is entered
20230619 17:49:16 INFO  [main] base.BaseTest BaseTest.java94 - pass:usernameelement is cleared
20230619 17:49:16 INFO  [main] base.BaseTest BaseTest.java85 - pass:usernameis entered to the username field
20230619 17:49:17 INFO  [main] base.BaseTest BaseTest.java94 - pass:Passwordelement is cleared
20230619 17:50:00 INFO  [main] base.BaseTest BaseTest.java67 - Chrome browser is opened
20230619 17:50:04 INFO  [main] base.BaseTest BaseTest.java73 - https://login.salesforce.com/ is entered
20230619 17:50:04 INFO  [main] tests.SfdcAuromationScripts SfdcAuromationScripts.java52 - inside the SFDC Test Script
20230619 17:50:05 INFO  [main] base.BaseTest BaseTest.java94 - pass:usernameelement is cleared
20230619 17:50:05 INFO  [main] base.BaseTest BaseTest.java85 - pass:usernameis entered to the username field
20230619 17:50:06 INFO  [main] base.BaseTest BaseTest.java94 - pass:Passwordelement is cleared
20230619 17:50:06 INFO  [main] base.BaseTest BaseTest.java85 - pass:Passwordis entered to the Password field
20230619 17:50:06 INFO  [main] tests.SfdcAuromationScripts SfdcAuromationScripts.java72 - testscript execution completed
20230620 12:11:23 INFO  [main] base.BaseTest BaseTest.java67 - Chrome browser is opened
20230620 12:11:26 INFO  [main] base.BaseTest BaseTest.java73 - https://login.salesforce.com/ is entered
20230620 12:11:26 INFO  [main] base.BaseTest BaseTest.java94 - pass:usernameelement is cleared
20230620 12:11:26 INFO  [main] base.BaseTest BaseTest.java85 - pass:usernameis entered to the username field
20230620 12:11:27 INFO  [main] base.BaseTest BaseTest.java94 - pass:Passwordelement is cleared
20230620 12:12:38 INFO  [main] base.BaseTest BaseTest.java67 - Chrome browser is opened
20230620 12:12:42 INFO  [main] base.BaseTest BaseTest.java73 - https://login.salesforce.com/ is entered
20230620 12:12:42 INFO  [main] base.BaseTest BaseTest.java94 - pass:usernameelement is cleared
20230620 12:12:42 INFO  [main] base.BaseTest BaseTest.java85 - pass:usernameis entered to the username field
20230620 12:12:43 INFO  [main] base.BaseTest BaseTest.java94 - pass:Passwordelement is cleared
20230620 12:13:22 INFO  [main] base.BaseTest BaseTest.java67 - Chrome browser is opened
20230620 12:13:26 INFO  [main] base.BaseTest BaseTest.java73 - https://login.salesforce.com/ is entered
20230620 12:13:26 INFO  [main] base.BaseTest BaseTest.java94 - pass:usernameelement is cleared
20230620 12:13:26 INFO  [main] base.BaseTest BaseTest.java85 - pass:usernameis entered to the username field
20230620 12:13:26 INFO  [main] base.BaseTest BaseTest.java94 - pass:Passwordelement is cleared
20230620 12:14:54 INFO  [main] base.BaseTest BaseTest.java67 - Chrome browser is opened
20230620 12:14:58 INFO  [main] base.BaseTest BaseTest.java73 - https://login.salesforce.com/ is entered
20230620 12:14:58 INFO  [main] base.BaseTest BaseTest.java94 - pass:usernameelement is cleared
20230620 12:14:58 INFO  [main] base.BaseTest BaseTest.java85 - pass:usernameis entered to the username field
20230620 12:14:59 INFO  [main] base.BaseTest BaseTest.java94 - pass:Passwordelement is cleared
20230620 12:15:51 INFO  [main] base.BaseTest BaseTest.java67 - Chrome browser is opened
20230620 12:15:54 INFO  [main] base.BaseTest BaseTest.java73 - https://login.salesforce.com/ is entered
20230620 12:15:55 INFO  [main] base.BaseTest BaseTest.java94 - pass:usernameelement is cleared
20230620 12:15:55 INFO  [main] base.BaseTest BaseTest.java85 - pass:usernameis entered to the username field
20230620 12:15:55 INFO  [main] base.BaseTest BaseTest.java94 - pass:Passwordelement is cleared
20230620 12:17:07 INFO  [main] base.BaseTest BaseTest.java67 - Chrome browser is opened
20230620 12:17:10 INFO  [main] base.BaseTest BaseTest.java73 - https://login.salesforce.com/ is entered
20230620 12:17:10 INFO  [main] base.BaseTest BaseTest.java94 - pass:usernameelement is cleared
20230620 12:17:10 INFO  [main] base.BaseTest BaseTest.java85 - pass:usernameis entered to the username field
20230620 12:17:11 INFO  [main] base.BaseTest BaseTest.java94 - pass:Passwordelement is cleared
20230620 12:17:42 INFO  [main] base.BaseTest BaseTest.java67 - Chrome browser is opened
20230620 12:17:45 INFO  [main] base.BaseTest BaseTest.java73 - https://login.salesforce.com/ is entered
20230620 12:17:46 INFO  [main] base.BaseTest BaseTest.java94 - pass:usernameelement is cleared
20230620 12:17:46 INFO  [main] base.BaseTest BaseTest.java85 - pass:usernameis entered to the username field
20230620 12:17:46 INFO  [main] base.BaseTest BaseTest.java94 - pass:Passwordelement is cleared
20230620 12:18:21 INFO  [main] base.BaseTest BaseTest.java67 - Chrome browser is opened
20230620 12:18:24 INFO  [main] base.BaseTest BaseTest.java73 - https://login.salesforce.com/ is entered
20230620 12:18:24 INFO  [main] base.BaseTest BaseTest.java94 - pass:usernameelement is cleared
20230620 12:18:25 INFO  [main] base.BaseTest BaseTest.java85 - pass:usernameis entered to the username field
20230620 12:18:25 INFO  [main] base.BaseTest BaseTest.java94 - pass:Passwordelement is cleared
20230620 12:19:34 INFO  [main] base.BaseTest BaseTest.java67 - Chrome browser is opened
20230620 12:19:40 INFO  [main] base.BaseTest BaseTest.java73 - https://login.salesforce.com/ is entered
20230620 12:19:41 INFO  [main] base.BaseTest BaseTest.java94 - pass:usernameelement is cleared
20230620 12:19:41 INFO  [main] base.BaseTest BaseTest.java85 - pass:usernameis entered to the username field
20230620 12:19:42 INFO  [main] base.BaseTest BaseTest.java94 - pass:Passwordelement is cleared
20230620 12:19:42 INFO  [main] base.BaseTest BaseTest.java85 - pass:Passwordis entered to the Password field
20230620 12:20:55 INFO  [main] base.BaseTest BaseTest.java67 - Chrome browser is opened
20230620 12:20:58 INFO  [main] base.BaseTest BaseTest.java73 - https://login.salesforce.com/ is entered
20230620 12:20:59 INFO  [main] base.BaseTest BaseTest.java94 - pass:usernameelement is cleared
20230620 12:20:59 INFO  [main] base.BaseTest BaseTest.java85 - pass:usernameis entered to the username field
20230620 12:20:59 INFO  [main] base.BaseTest BaseTest.java94 - pass:Passwordelement is cleared
20230620 12:20:59 INFO  [main] base.BaseTest BaseTest.java85 - pass:Passwordis entered to the Password field
20230620 12:21:05 INFO  [main] tests.SfdcAuromationScripts SfdcAuromationScripts.java48 - testscript TC01 execution completed
20230620 19:54:20 INFO  [main] base.BaseTest BaseTest.java67 - Chrome browser is opened
20230620 19:54:25 INFO  [main] base.BaseTest BaseTest.java73 - https://login.salesforce.com/ is entered
20230620 19:54:25 INFO  [main] base.BaseTest BaseTest.java94 - pass:usernameelement is cleared
20230620 19:54:25 INFO  [main] base.BaseTest BaseTest.java85 - pass:usernameis entered to the username field
20230620 19:54:26 INFO  [main] base.BaseTest BaseTest.java94 - pass:Passwordelement is cleared
20230620 19:54:26 INFO  [main] base.BaseTest BaseTest.java85 - pass:Passwordis entered to the Password field
20230620 19:54:39 INFO  [main] tests.SfdcAuromationScripts SfdcAuromationScripts.java220 - coming inside myprofile
20230620 19:56:37 INFO  [main] base.BaseTest BaseTest.java67 - Chrome browser is opened
20230620 19:56:40 INFO  [main] base.BaseTest BaseTest.java73 - https://login.salesforce.com/ is entered
20230620 19:56:41 INFO  [main] base.BaseTest BaseTest.java94 - pass:usernameelement is cleared
20230620 19:56:41 INFO  [main] base.BaseTest BaseTest.java85 - pass:usernameis entered to the username field
20230620 19:56:41 INFO  [main] base.BaseTest BaseTest.java94 - pass:Passwordelement is cleared
20230620 19:56:41 INFO  [main] base.BaseTest BaseTest.java85 - pass:Passwordis entered to the Password field
20230620 19:56:54 INFO  [main] tests.SfdcAuromationScripts SfdcAuromationScripts.java220 - coming inside myprofile
20230620 19:58:09 INFO  [main] base.BaseTest BaseTest.java67 - Chrome browser is opened
20230620 19:58:12 INFO  [main] base.BaseTest BaseTest.java73 - https://login.salesforce.com/ is entered
20230620 19:58:13 INFO  [main] base.BaseTest BaseTest.java94 - pass:usernameelement is cleared
20230620 19:58:13 INFO  [main] base.BaseTest BaseTest.java85 - pass:usernameis entered to the username field
20230620 19:58:14 INFO  [main] base.BaseTest BaseTest.java94 - pass:Passwordelement is cleared
20230620 19:58:15 INFO  [main] base.BaseTest BaseTest.java85 - pass:Passwordis entered to the Password field
20230620 19:58:28 INFO  [main] tests.SfdcAuromationScripts SfdcAuromationScripts.java220 - coming inside myprofile
20230620 19:58:38 INFO  [main] base.BaseTest BaseTest.java94 - pass:Last Name element is cleared
20230620 19:58:38 INFO  [main] base.BaseTest BaseTest.java85 - pass:Last Name is entered to the Last Name  field
20230620 20:06:52 INFO  [main] base.BaseTest BaseTest.java67 - Chrome browser is opened
20230620 20:06:56 INFO  [main] base.BaseTest BaseTest.java73 - https://login.salesforce.com/ is entered
20230620 20:06:56 INFO  [main] base.BaseTest BaseTest.java94 - pass:usernameelement is cleared
20230620 20:06:57 INFO  [main] base.BaseTest BaseTest.java85 - pass:usernameis entered to the username field
20230620 20:06:57 INFO  [main] base.BaseTest BaseTest.java94 - pass:Passwordelement is cleared
20230620 20:06:57 INFO  [main] base.BaseTest BaseTest.java85 - pass:Passwordis entered to the Password field
20230620 20:07:10 INFO  [main] tests.SfdcAuromationScripts SfdcAuromationScripts.java220 - coming inside myprofile
20230620 20:07:19 INFO  [main] base.BaseTest BaseTest.java94 - pass:Last Name element is cleared
20230620 20:07:19 INFO  [main] base.BaseTest BaseTest.java85 - pass:Last Name is entered to the Last Name  field
20230620 20:07:24 INFO  [main] base.BaseTest BaseTest.java94 - pass:Textelement is cleared
20230620 20:07:24 INFO  [main] base.BaseTest BaseTest.java85 - pass:Textis entered to the Text field
20230620 20:58:37 INFO  [main] base.BaseTest BaseTest.java67 - Chrome browser is opened
20230620 20:58:42 INFO  [main] base.BaseTest BaseTest.java73 - https://login.salesforce.com/ is entered
20230620 20:58:42 INFO  [main] base.BaseTest BaseTest.java94 - pass:usernameelement is cleared
20230620 20:58:43 INFO  [main] base.BaseTest BaseTest.java85 - pass:usernameis entered to the username field
20230620 20:58:43 INFO  [main] base.BaseTest BaseTest.java94 - pass:Passwordelement is cleared
20230620 20:58:43 INFO  [main] base.BaseTest BaseTest.java85 - pass:Passwordis entered to the Password field
20230620 20:58:58 INFO  [main] tests.SfdcAuromationScripts SfdcAuromationScripts.java220 - coming inside myprofile
20230620 20:59:06 INFO  [main] base.BaseTest BaseTest.java94 - pass:Last Name element is cleared
20230620 20:59:06 INFO  [main] base.BaseTest BaseTest.java85 - pass:Last Name is entered to the Last Name  field
20230620 20:59:12 INFO  [main] base.BaseTest BaseTest.java94 - pass:Textelement is cleared
20230620 20:59:12 INFO  [main] base.BaseTest BaseTest.java85 - pass:Textis entered to the Text field
20230620 21:01:58 INFO  [main] base.BaseTest BaseTest.java67 - Chrome browser is opened
20230620 21:02:02 INFO  [main] base.BaseTest BaseTest.java73 - https://login.salesforce.com/ is entered
20230620 21:02:02 INFO  [main] base.BaseTest BaseTest.java94 - pass:usernameelement is cleared
20230620 21:02:02 INFO  [main] base.BaseTest BaseTest.java85 - pass:usernameis entered to the username field
20230620 21:02:03 INFO  [main] base.BaseTest BaseTest.java94 - pass:Passwordelement is cleared
20230620 21:02:03 INFO  [main] base.BaseTest BaseTest.java85 - pass:Passwordis entered to the Password field
20230620 21:02:16 INFO  [main] tests.SfdcAuromationScripts SfdcAuromationScripts.java220 - coming inside myprofile
20230620 21:03:17 INFO  [main] base.BaseTest BaseTest.java67 - Chrome browser is opened
20230620 21:03:21 INFO  [main] base.BaseTest BaseTest.java73 - https://login.salesforce.com/ is entered
20230620 21:03:21 INFO  [main] base.BaseTest BaseTest.java94 - pass:usernameelement is cleared
20230620 21:03:21 INFO  [main] base.BaseTest BaseTest.java85 - pass:usernameis entered to the username field
20230620 21:03:22 INFO  [main] base.BaseTest BaseTest.java94 - pass:Passwordelement is cleared
20230620 21:03:22 INFO  [main] base.BaseTest BaseTest.java85 - pass:Passwordis entered to the Password field
20230620 21:03:34 INFO  [main] tests.SfdcAuromationScripts SfdcAuromationScripts.java220 - coming inside myprofile
20230620 21:05:07 INFO  [main] base.BaseTest BaseTest.java67 - Chrome browser is opened
20230620 21:05:11 INFO  [main] base.BaseTest BaseTest.java73 - https://login.salesforce.com/ is entered
20230620 21:05:11 INFO  [main] base.BaseTest BaseTest.java94 - pass:usernameelement is cleared
20230620 21:05:11 INFO  [main] base.BaseTest BaseTest.java85 - pass:usernameis entered to the username field
20230620 21:05:12 INFO  [main] base.BaseTest BaseTest.java94 - pass:Passwordelement is cleared
20230620 21:05:12 INFO  [main] base.BaseTest BaseTest.java85 - pass:Passwordis entered to the Password field
20230620 21:05:24 INFO  [main] tests.SfdcAuromationScripts SfdcAuromationScripts.java220 - coming inside myprofile
20230620 21:07:01 INFO  [main] base.BaseTest BaseTest.java67 - Chrome browser is opened
20230620 21:07:04 INFO  [main] base.BaseTest BaseTest.java73 - https://login.salesforce.com/ is entered
20230620 21:07:05 INFO  [main] base.BaseTest BaseTest.java94 - pass:usernameelement is cleared
20230620 21:07:05 INFO  [main] base.BaseTest BaseTest.java85 - pass:usernameis entered to the username field
20230620 21:07:05 INFO  [main] base.BaseTest BaseTest.java94 - pass:Passwordelement is cleared
20230620 21:07:06 INFO  [main] base.BaseTest BaseTest.java85 - pass:Passwordis entered to the Password field
20230620 21:07:20 INFO  [main] tests.SfdcAuromationScripts SfdcAuromationScripts.java220 - coming inside myprofile
20230620 21:08:46 INFO  [main] base.BaseTest BaseTest.java67 - Chrome browser is opened
20230620 21:08:50 INFO  [main] base.BaseTest BaseTest.java73 - https://login.salesforce.com/ is entered
20230620 21:08:51 INFO  [main] base.BaseTest BaseTest.java94 - pass:usernameelement is cleared
20230620 21:08:51 INFO  [main] base.BaseTest BaseTest.java85 - pass:usernameis entered to the username field
20230620 21:08:51 INFO  [main] base.BaseTest BaseTest.java94 - pass:Passwordelement is cleared
20230620 21:08:51 INFO  [main] base.BaseTest BaseTest.java85 - pass:Passwordis entered to the Password field
20230620 21:09:02 INFO  [main] tests.SfdcAuromationScripts SfdcAuromationScripts.java220 - coming inside myprofile
